[2022-04-16 12:13:04] development.ERROR: Error while reading line from the server. [tcp://redis:6379] {"exception":"[object] (Predis\\Connection\\ConnectionException(code: 0): Error while reading line from the server. [tcp://redis:6379] at /app/vendor/predis/predis/src/Connection/AbstractConnection.php:155)
[stacktrace]
#0 /app/vendor/predis/predis/src/Connection/StreamConnection.php(314): Predis\\Connection\\AbstractConnection->onConnectionError('Error while rea...')
#1 /app/vendor/predis/predis/src/Connection/AbstractConnection.php(120): Predis\\Connection\\StreamConnection->read()
#2 /app/vendor/predis/predis/src/Connection/AbstractConnection.php(112): Predis\\Connection\\AbstractConnection->readResponse(Object(Predis\\Command\\StringGet))
#3 /app/vendor/predis/predis/src/Client.php(331): Predis\\Connection\\AbstractConnection->executeCommand(Object(Predis\\Command\\StringGet))
#4 /app/vendor/predis/predis/src/Client.php(314): Predis\\Client->executeCommand(Object(Predis\\Command\\StringGet))
#5 /app/vendor/laravel/framework/src/Illuminate/Redis/Connections/Connection.php(116): Predis\\Client->__call('get', Array)
#6 /app/vendor/laravel/framework/src/Illuminate/Redis/Connections/Connection.php(216): Illuminate\\Redis\\Connections\\Connection->command('get', Array)
#7 /app/vendor/laravel/framework/src/Illuminate/Cache/RedisStore.php(62): Illuminate\\Redis\\Connections\\Connection->__call('get', Array)
#8 /app/vendor/laravel/framework/src/Illuminate/Cache/Repository.php(97): Illuminate\\Cache\\RedisStore->get('illuminate:queu...')
#9 /app/vendor/laravel/framework/src/Illuminate/Queue/Worker.php(665): Illuminate\\Cache\\Repository->get('illuminate:queu...')
#10 /app/vendor/laravel/framework/src/Illuminate/Queue/Worker.php(654): Illuminate\\Queue\\Worker->getTimestampOfLastQueueRestart()
#11 /app/vendor/laravel/framework/src/Illuminate/Queue/Worker.php(300): Illuminate\\Queue\\Worker->queueShouldRestart(NULL)
#12 /app/vendor/laravel/framework/src/Illuminate/Queue/Worker.php(189): Illuminate\\Queue\\Worker->stopIfNecessary(Object(Illuminate\\Queue\\WorkerOptions), NULL, 163.332124121, 0, NULL)
#13 /app/vendor/laravel/framework/src/Illuminate/Queue/Console/WorkCommand.php(128): Illuminate\\Queue\\Worker->daemon('redis', 'default', Object(Illuminate\\Queue\\WorkerOptions))
#14 /app/vendor/laravel/framework/src/Illuminate/Queue/Console/WorkCommand.php(112): Illuminate\\Queue\\Console\\WorkCommand->runWorker('redis', 'default')
#15 /app/vendor/laravel/framework/src/Illuminate/Container/BoundMethod.php(36): Illuminate\\Queue\\Console\\WorkCommand->handle()
#16 /app/vendor/laravel/framework/src/Illuminate/Container/Util.php(41): Illuminate\\Container\\BoundMethod::Illuminate\\Container\\{closure}()
#17 /app/vendor/laravel/framework/src/Illuminate/Container/BoundMethod.php(93): Illuminate\\Container\\Util::unwrapIfClosure(Object(Closure))
#18 /app/vendor/laravel/framework/src/Illuminate/Container/BoundMethod.php(37): Illuminate\\Container\\BoundMethod::callBoundMethod(Object(Illuminate\\Foundation\\Application), Array, Object(Closure))
#19 /app/vendor/laravel/framework/src/Illuminate/Container/Container.php(653): Illuminate\\Container\\BoundMethod::call(Object(Illuminate\\Foundation\\Application), Array, Array, NULL)
#20 /app/vendor/laravel/framework/src/Illuminate/Console/Command.php(171): Illuminate\\Container\\Container->call(Array)
#21 /app/vendor/symfony/console/Command/Command.php(291): Illuminate\\Console\\Command->execute(Object(Symfony\\Component\\Console\\Input\\ArgvInput), Object(Illuminate\\Console\\OutputStyle))
#22 /app/vendor/laravel/framework/src/Illuminate/Console/Command.php(156): Symfony\\Component\\Console\\Command\\Command->run(Object(Symfony\\Component\\Console\\Input\\ArgvInput), Object(Illuminate\\Console\\OutputStyle))
#23 /app/vendor/symfony/console/Application.php(989): Illuminate\\Console\\Command->run(Object(Symfony\\Component\\Console\\Input\\ArgvInput), Object(Symfony\\Component\\Console\\Output\\ConsoleOutput))
#24 /app/vendor/symfony/console/Application.php(299): Symfony\\Component\\Console\\Application->doRunCommand(Object(Illuminate\\Queue\\Console\\WorkCommand), Object(Symfony\\Component\\Console\\Input\\ArgvInput), Object(Symfony\\Component\\Console\\Output\\ConsoleOutput))
#25 /app/vendor/symfony/console/Application.php(171): Symfony\\Component\\Console\\Application->doRun(Object(Symfony\\Component\\Console\\Input\\ArgvInput), Object(Symfony\\Component\\Console\\Output\\ConsoleOutput))
#26 /app/vendor/laravel/framework/src/Illuminate/Console/Application.php(102): Symfony\\Component\\Console\\Application->run(Object(Symfony\\Component\\Console\\Input\\ArgvInput), Object(Symfony\\Component\\Console\\Output\\ConsoleOutput))
#27 /app/vendor/laravel/framework/src/Illuminate/Foundation/Console/Kernel.php(129): Illuminate\\Console\\Application->run(Object(Symfony\\Component\\Console\\Input\\ArgvInput), Object(Symfony\\Component\\Console\\Output\\ConsoleOutput))
#28 /app/artisan(37): Illuminate\\Foundation\\Console\\Kernel->handle(Object(Symfony\\Component\\Console\\Input\\ArgvInput), Object(Symfony\\Component\\Console\\Output\\ConsoleOutput))
#29 {main}
"} 
[2022-04-16 12:55:24] development.ERROR: Error while reading line from the server. [tcp://redis:6379] {"exception":"[object] (Predis\\Connection\\ConnectionException(code: 0): Error while reading line from the server. [tcp://redis:6379] at /app/vendor/predis/predis/src/Connection/AbstractConnection.php:155)
[stacktrace]
#0 /app/vendor/predis/predis/src/Connection/StreamConnection.php(314): Predis\\Connection\\AbstractConnection->onConnectionError('Error while rea...')
#1 /app/vendor/predis/predis/src/Connection/AbstractConnection.php(120): Predis\\Connection\\StreamConnection->read()
#2 /app/vendor/predis/predis/src/Connection/AbstractConnection.php(112): Predis\\Connection\\AbstractConnection->readResponse(Object(Predis\\Command\\StringGet))
#3 /app/vendor/predis/predis/src/Client.php(331): Predis\\Connection\\AbstractConnection->executeCommand(Object(Predis\\Command\\StringGet))
#4 /app/vendor/predis/predis/src/Client.php(314): Predis\\Client->executeCommand(Object(Predis\\Command\\StringGet))
#5 /app/vendor/laravel/framework/src/Illuminate/Redis/Connections/Connection.php(116): Predis\\Client->__call('get', Array)
#6 /app/vendor/laravel/framework/src/Illuminate/Redis/Connections/Connection.php(216): Illuminate\\Redis\\Connections\\Connection->command('get', Array)
#7 /app/vendor/laravel/framework/src/Illuminate/Cache/RedisStore.php(62): Illuminate\\Redis\\Connections\\Connection->__call('get', Array)
#8 /app/vendor/laravel/framework/src/Illuminate/Cache/Repository.php(97): Illuminate\\Cache\\RedisStore->get('illuminate:queu...')
#9 /app/vendor/laravel/framework/src/Illuminate/Queue/Worker.php(665): Illuminate\\Cache\\Repository->get('illuminate:queu...')
#10 /app/vendor/laravel/framework/src/Illuminate/Queue/Worker.php(654): Illuminate\\Queue\\Worker->getTimestampOfLastQueueRestart()
#11 /app/vendor/laravel/framework/src/Illuminate/Queue/Worker.php(300): Illuminate\\Queue\\Worker->queueShouldRestart(NULL)
#12 /app/vendor/laravel/framework/src/Illuminate/Queue/Worker.php(189): Illuminate\\Queue\\Worker->stopIfNecessary(Object(Illuminate\\Queue\\WorkerOptions), NULL, 498.162115365, 0, NULL)
#13 /app/vendor/laravel/framework/src/Illuminate/Queue/Console/WorkCommand.php(128): Illuminate\\Queue\\Worker->daemon('redis', 'default', Object(Illuminate\\Queue\\WorkerOptions))
#14 /app/vendor/laravel/framework/src/Illuminate/Queue/Console/WorkCommand.php(112): Illuminate\\Queue\\Console\\WorkCommand->runWorker('redis', 'default')
#15 /app/vendor/laravel/framework/src/Illuminate/Container/BoundMethod.php(36): Illuminate\\Queue\\Console\\WorkCommand->handle()
#16 /app/vendor/laravel/framework/src/Illuminate/Container/Util.php(41): Illuminate\\Container\\BoundMethod::Illuminate\\Container\\{closure}()
#17 /app/vendor/laravel/framework/src/Illuminate/Container/BoundMethod.php(93): Illuminate\\Container\\Util::unwrapIfClosure(Object(Closure))
#18 /app/vendor/laravel/framework/src/Illuminate/Container/BoundMethod.php(37): Illuminate\\Container\\BoundMethod::callBoundMethod(Object(Illuminate\\Foundation\\Application), Array, Object(Closure))
#19 /app/vendor/laravel/framework/src/Illuminate/Container/Container.php(653): Illuminate\\Container\\BoundMethod::call(Object(Illuminate\\Foundation\\Application), Array, Array, NULL)
#20 /app/vendor/laravel/framework/src/Illuminate/Console/Command.php(171): Illuminate\\Container\\Container->call(Array)
#21 /app/vendor/symfony/console/Command/Command.php(291): Illuminate\\Console\\Command->execute(Object(Symfony\\Component\\Console\\Input\\ArgvInput), Object(Illuminate\\Console\\OutputStyle))
#22 /app/vendor/laravel/framework/src/Illuminate/Console/Command.php(156): Symfony\\Component\\Console\\Command\\Command->run(Object(Symfony\\Component\\Console\\Input\\ArgvInput), Object(Illuminate\\Console\\OutputStyle))
#23 /app/vendor/symfony/console/Application.php(989): Illuminate\\Console\\Command->run(Object(Symfony\\Component\\Console\\Input\\ArgvInput), Object(Symfony\\Component\\Console\\Output\\ConsoleOutput))
#24 /app/vendor/symfony/console/Application.php(299): Symfony\\Component\\Console\\Application->doRunCommand(Object(Illuminate\\Queue\\Console\\WorkCommand), Object(Symfony\\Component\\Console\\Input\\ArgvInput), Object(Symfony\\Component\\Console\\Output\\ConsoleOutput))
#25 /app/vendor/symfony/console/Application.php(171): Symfony\\Component\\Console\\Application->doRun(Object(Symfony\\Component\\Console\\Input\\ArgvInput), Object(Symfony\\Component\\Console\\Output\\ConsoleOutput))
#26 /app/vendor/laravel/framework/src/Illuminate/Console/Application.php(102): Symfony\\Component\\Console\\Application->run(Object(Symfony\\Component\\Console\\Input\\ArgvInput), Object(Symfony\\Component\\Console\\Output\\ConsoleOutput))
#27 /app/vendor/laravel/framework/src/Illuminate/Foundation/Console/Kernel.php(129): Illuminate\\Console\\Application->run(Object(Symfony\\Component\\Console\\Input\\ArgvInput), Object(Symfony\\Component\\Console\\Output\\ConsoleOutput))
#28 /app/artisan(37): Illuminate\\Foundation\\Console\\Kernel->handle(Object(Symfony\\Component\\Console\\Input\\ArgvInput), Object(Symfony\\Component\\Console\\Output\\ConsoleOutput))
#29 {main}
"} 
[2022-04-16 13:11:47] development.ERROR: Error while reading line from the server. [tcp://redis:6379] {"exception":"[object] (Predis\\Connection\\ConnectionException(code: 0): Error while reading line from the server. [tcp://redis:6379] at /app/vendor/predis/predis/src/Connection/AbstractConnection.php:155)
[stacktrace]
#0 /app/vendor/predis/predis/src/Connection/StreamConnection.php(314): Predis\\Connection\\AbstractConnection->onConnectionError('Error while rea...')
#1 /app/vendor/predis/predis/src/Connection/AbstractConnection.php(120): Predis\\Connection\\StreamConnection->read()
#2 /app/vendor/predis/predis/src/Connection/AbstractConnection.php(112): Predis\\Connection\\AbstractConnection->readResponse(Object(Predis\\Command\\StringGet))
#3 /app/vendor/predis/predis/src/Client.php(331): Predis\\Connection\\AbstractConnection->executeCommand(Object(Predis\\Command\\StringGet))
#4 /app/vendor/predis/predis/src/Client.php(314): Predis\\Client->executeCommand(Object(Predis\\Command\\StringGet))
#5 /app/vendor/laravel/framework/src/Illuminate/Redis/Connections/Connection.php(116): Predis\\Client->__call('get', Array)
#6 /app/vendor/laravel/framework/src/Illuminate/Redis/Connections/Connection.php(216): Illuminate\\Redis\\Connections\\Connection->command('get', Array)
#7 /app/vendor/laravel/framework/src/Illuminate/Cache/RedisStore.php(62): Illuminate\\Redis\\Connections\\Connection->__call('get', Array)
#8 /app/vendor/laravel/framework/src/Illuminate/Cache/Repository.php(97): Illuminate\\Cache\\RedisStore->get('illuminate:queu...')
#9 /app/vendor/laravel/framework/src/Illuminate/Queue/Worker.php(665): Illuminate\\Cache\\Repository->get('illuminate:queu...')
#10 /app/vendor/laravel/framework/src/Illuminate/Queue/Worker.php(654): Illuminate\\Queue\\Worker->getTimestampOfLastQueueRestart()
#11 /app/vendor/laravel/framework/src/Illuminate/Queue/Worker.php(300): Illuminate\\Queue\\Worker->queueShouldRestart(NULL)
#12 /app/vendor/laravel/framework/src/Illuminate/Queue/Worker.php(189): Illuminate\\Queue\\Worker->stopIfNecessary(Object(Illuminate\\Queue\\WorkerOptions), NULL, 3048.220875043, 0, NULL)
#13 /app/vendor/laravel/framework/src/Illuminate/Queue/Console/WorkCommand.php(128): Illuminate\\Queue\\Worker->daemon('redis', 'default', Object(Illuminate\\Queue\\WorkerOptions))
#14 /app/vendor/laravel/framework/src/Illuminate/Queue/Console/WorkCommand.php(112): Illuminate\\Queue\\Console\\WorkCommand->runWorker('redis', 'default')
#15 /app/vendor/laravel/framework/src/Illuminate/Container/BoundMethod.php(36): Illuminate\\Queue\\Console\\WorkCommand->handle()
#16 /app/vendor/laravel/framework/src/Illuminate/Container/Util.php(41): Illuminate\\Container\\BoundMethod::Illuminate\\Container\\{closure}()
#17 /app/vendor/laravel/framework/src/Illuminate/Container/BoundMethod.php(93): Illuminate\\Container\\Util::unwrapIfClosure(Object(Closure))
#18 /app/vendor/laravel/framework/src/Illuminate/Container/BoundMethod.php(37): Illuminate\\Container\\BoundMethod::callBoundMethod(Object(Illuminate\\Foundation\\Application), Array, Object(Closure))
#19 /app/vendor/laravel/framework/src/Illuminate/Container/Container.php(653): Illuminate\\Container\\BoundMethod::call(Object(Illuminate\\Foundation\\Application), Array, Array, NULL)
#20 /app/vendor/laravel/framework/src/Illuminate/Console/Command.php(171): Illuminate\\Container\\Container->call(Array)
#21 /app/vendor/symfony/console/Command/Command.php(291): Illuminate\\Console\\Command->execute(Object(Symfony\\Component\\Console\\Input\\ArgvInput), Object(Illuminate\\Console\\OutputStyle))
#22 /app/vendor/laravel/framework/src/Illuminate/Console/Command.php(156): Symfony\\Component\\Console\\Command\\Command->run(Object(Symfony\\Component\\Console\\Input\\ArgvInput), Object(Illuminate\\Console\\OutputStyle))
#23 /app/vendor/symfony/console/Application.php(989): Illuminate\\Console\\Command->run(Object(Symfony\\Component\\Console\\Input\\ArgvInput), Object(Symfony\\Component\\Console\\Output\\ConsoleOutput))
#24 /app/vendor/symfony/console/Application.php(299): Symfony\\Component\\Console\\Application->doRunCommand(Object(Illuminate\\Queue\\Console\\WorkCommand), Object(Symfony\\Component\\Console\\Input\\ArgvInput), Object(Symfony\\Component\\Console\\Output\\ConsoleOutput))
#25 /app/vendor/symfony/console/Application.php(171): Symfony\\Component\\Console\\Application->doRun(Object(Symfony\\Component\\Console\\Input\\ArgvInput), Object(Symfony\\Component\\Console\\Output\\ConsoleOutput))
#26 /app/vendor/laravel/framework/src/Illuminate/Console/Application.php(102): Symfony\\Component\\Console\\Application->run(Object(Symfony\\Component\\Console\\Input\\ArgvInput), Object(Symfony\\Component\\Console\\Output\\ConsoleOutput))
#27 /app/vendor/laravel/framework/src/Illuminate/Foundation/Console/Kernel.php(129): Illuminate\\Console\\Application->run(Object(Symfony\\Component\\Console\\Input\\ArgvInput), Object(Symfony\\Component\\Console\\Output\\ConsoleOutput))
#28 /app/artisan(37): Illuminate\\Foundation\\Console\\Kernel->handle(Object(Symfony\\Component\\Console\\Input\\ArgvInput), Object(Symfony\\Component\\Console\\Output\\ConsoleOutput))
#29 {main}
"} 
[2022-04-16 13:15:01] development.ERROR: Error while reading line from the server. [tcp://redis:6379] {"exception":"[object] (Predis\\Connection\\ConnectionException(code: 0): Error while reading line from the server. [tcp://redis:6379] at /app/vendor/predis/predis/src/Connection/AbstractConnection.php:155)
[stacktrace]
#0 /app/vendor/predis/predis/src/Connection/StreamConnection.php(314): Predis\\Connection\\AbstractConnection->onConnectionError('Error while rea...')
#1 /app/vendor/predis/predis/src/Connection/AbstractConnection.php(120): Predis\\Connection\\StreamConnection->read()
#2 /app/vendor/predis/predis/src/Connection/AbstractConnection.php(112): Predis\\Connection\\AbstractConnection->readResponse(Object(Predis\\Command\\StringGet))
#3 /app/vendor/predis/predis/src/Client.php(331): Predis\\Connection\\AbstractConnection->executeCommand(Object(Predis\\Command\\StringGet))
#4 /app/vendor/predis/predis/src/Client.php(314): Predis\\Client->executeCommand(Object(Predis\\Command\\StringGet))
#5 /app/vendor/laravel/framework/src/Illuminate/Redis/Connections/Connection.php(116): Predis\\Client->__call('get', Array)
#6 /app/vendor/laravel/framework/src/Illuminate/Redis/Connections/Connection.php(216): Illuminate\\Redis\\Connections\\Connection->command('get', Array)
#7 /app/vendor/laravel/framework/src/Illuminate/Cache/RedisStore.php(62): Illuminate\\Redis\\Connections\\Connection->__call('get', Array)
#8 /app/vendor/laravel/framework/src/Illuminate/Cache/Repository.php(97): Illuminate\\Cache\\RedisStore->get('illuminate:queu...')
#9 /app/vendor/laravel/framework/src/Illuminate/Queue/Worker.php(665): Illuminate\\Cache\\Repository->get('illuminate:queu...')
#10 /app/vendor/laravel/framework/src/Illuminate/Queue/Worker.php(654): Illuminate\\Queue\\Worker->getTimestampOfLastQueueRestart()
#11 /app/vendor/laravel/framework/src/Illuminate/Queue/Worker.php(300): Illuminate\\Queue\\Worker->queueShouldRestart(NULL)
#12 /app/vendor/laravel/framework/src/Illuminate/Queue/Worker.php(189): Illuminate\\Queue\\Worker->stopIfNecessary(Object(Illuminate\\Queue\\WorkerOptions), NULL, 4027.542277743, 0, NULL)
#13 /app/vendor/laravel/framework/src/Illuminate/Queue/Console/WorkCommand.php(128): Illuminate\\Queue\\Worker->daemon('redis', 'default', Object(Illuminate\\Queue\\WorkerOptions))
#14 /app/vendor/laravel/framework/src/Illuminate/Queue/Console/WorkCommand.php(112): Illuminate\\Queue\\Console\\WorkCommand->runWorker('redis', 'default')
#15 /app/vendor/laravel/framework/src/Illuminate/Container/BoundMethod.php(36): Illuminate\\Queue\\Console\\WorkCommand->handle()
#16 /app/vendor/laravel/framework/src/Illuminate/Container/Util.php(41): Illuminate\\Container\\BoundMethod::Illuminate\\Container\\{closure}()
#17 /app/vendor/laravel/framework/src/Illuminate/Container/BoundMethod.php(93): Illuminate\\Container\\Util::unwrapIfClosure(Object(Closure))
#18 /app/vendor/laravel/framework/src/Illuminate/Container/BoundMethod.php(37): Illuminate\\Container\\BoundMethod::callBoundMethod(Object(Illuminate\\Foundation\\Application), Array, Object(Closure))
#19 /app/vendor/laravel/framework/src/Illuminate/Container/Container.php(653): Illuminate\\Container\\BoundMethod::call(Object(Illuminate\\Foundation\\Application), Array, Array, NULL)
#20 /app/vendor/laravel/framework/src/Illuminate/Console/Command.php(171): Illuminate\\Container\\Container->call(Array)
#21 /app/vendor/symfony/console/Command/Command.php(291): Illuminate\\Console\\Command->execute(Object(Symfony\\Component\\Console\\Input\\ArgvInput), Object(Illuminate\\Console\\OutputStyle))
#22 /app/vendor/laravel/framework/src/Illuminate/Console/Command.php(156): Symfony\\Component\\Console\\Command\\Command->run(Object(Symfony\\Component\\Console\\Input\\ArgvInput), Object(Illuminate\\Console\\OutputStyle))
#23 /app/vendor/symfony/console/Application.php(989): Illuminate\\Console\\Command->run(Object(Symfony\\Component\\Console\\Input\\ArgvInput), Object(Symfony\\Component\\Console\\Output\\ConsoleOutput))
#24 /app/vendor/symfony/console/Application.php(299): Symfony\\Component\\Console\\Application->doRunCommand(Object(Illuminate\\Queue\\Console\\WorkCommand), Object(Symfony\\Component\\Console\\Input\\ArgvInput), Object(Symfony\\Component\\Console\\Output\\ConsoleOutput))
#25 /app/vendor/symfony/console/Application.php(171): Symfony\\Component\\Console\\Application->doRun(Object(Symfony\\Component\\Console\\Input\\ArgvInput), Object(Symfony\\Component\\Console\\Output\\ConsoleOutput))
#26 /app/vendor/laravel/framework/src/Illuminate/Console/Application.php(102): Symfony\\Component\\Console\\Application->run(Object(Symfony\\Component\\Console\\Input\\ArgvInput), Object(Symfony\\Component\\Console\\Output\\ConsoleOutput))
#27 /app/vendor/laravel/framework/src/Illuminate/Foundation/Console/Kernel.php(129): Illuminate\\Console\\Application->run(Object(Symfony\\Component\\Console\\Input\\ArgvInput), Object(Symfony\\Component\\Console\\Output\\ConsoleOutput))
#28 /app/artisan(37): Illuminate\\Foundation\\Console\\Kernel->handle(Object(Symfony\\Component\\Console\\Input\\ArgvInput), Object(Symfony\\Component\\Console\\Output\\ConsoleOutput))
#29 {main}
"} 
[2022-04-16 13:26:25] development.ERROR: Error while reading line from the server. [tcp://redis:6379] {"exception":"[object] (Predis\\Connection\\ConnectionException(code: 0): Error while reading line from the server. [tcp://redis:6379] at /app/vendor/predis/predis/src/Connection/AbstractConnection.php:155)
[stacktrace]
#0 /app/vendor/predis/predis/src/Connection/StreamConnection.php(314): Predis\\Connection\\AbstractConnection->onConnectionError('Error while rea...')
#1 /app/vendor/predis/predis/src/Connection/AbstractConnection.php(120): Predis\\Connection\\StreamConnection->read()
#2 /app/vendor/predis/predis/src/Connection/AbstractConnection.php(112): Predis\\Connection\\AbstractConnection->readResponse(Object(Predis\\Command\\StringGet))
#3 /app/vendor/predis/predis/src/Client.php(331): Predis\\Connection\\AbstractConnection->executeCommand(Object(Predis\\Command\\StringGet))
#4 /app/vendor/predis/predis/src/Client.php(314): Predis\\Client->executeCommand(Object(Predis\\Command\\StringGet))
#5 /app/vendor/laravel/framework/src/Illuminate/Redis/Connections/Connection.php(116): Predis\\Client->__call('get', Array)
#6 /app/vendor/laravel/framework/src/Illuminate/Redis/Connections/Connection.php(216): Illuminate\\Redis\\Connections\\Connection->command('get', Array)
#7 /app/vendor/laravel/framework/src/Illuminate/Cache/RedisStore.php(62): Illuminate\\Redis\\Connections\\Connection->__call('get', Array)
#8 /app/vendor/laravel/framework/src/Illuminate/Cache/Repository.php(97): Illuminate\\Cache\\RedisStore->get('illuminate:queu...')
#9 /app/vendor/laravel/framework/src/Illuminate/Queue/Worker.php(665): Illuminate\\Cache\\Repository->get('illuminate:queu...')
#10 /app/vendor/laravel/framework/src/Illuminate/Queue/Worker.php(654): Illuminate\\Queue\\Worker->getTimestampOfLastQueueRestart()
#11 /app/vendor/laravel/framework/src/Illuminate/Queue/Worker.php(300): Illuminate\\Queue\\Worker->queueShouldRestart(NULL)
#12 /app/vendor/laravel/framework/src/Illuminate/Queue/Worker.php(189): Illuminate\\Queue\\Worker->stopIfNecessary(Object(Illuminate\\Queue\\WorkerOptions), NULL, 4221.950722243, 0, NULL)
#13 /app/vendor/laravel/framework/src/Illuminate/Queue/Console/WorkCommand.php(128): Illuminate\\Queue\\Worker->daemon('redis', 'default', Object(Illuminate\\Queue\\WorkerOptions))
#14 /app/vendor/laravel/framework/src/Illuminate/Queue/Console/WorkCommand.php(112): Illuminate\\Queue\\Console\\WorkCommand->runWorker('redis', 'default')
#15 /app/vendor/laravel/framework/src/Illuminate/Container/BoundMethod.php(36): Illuminate\\Queue\\Console\\WorkCommand->handle()
#16 /app/vendor/laravel/framework/src/Illuminate/Container/Util.php(41): Illuminate\\Container\\BoundMethod::Illuminate\\Container\\{closure}()
#17 /app/vendor/laravel/framework/src/Illuminate/Container/BoundMethod.php(93): Illuminate\\Container\\Util::unwrapIfClosure(Object(Closure))
#18 /app/vendor/laravel/framework/src/Illuminate/Container/BoundMethod.php(37): Illuminate\\Container\\BoundMethod::callBoundMethod(Object(Illuminate\\Foundation\\Application), Array, Object(Closure))
#19 /app/vendor/laravel/framework/src/Illuminate/Container/Container.php(653): Illuminate\\Container\\BoundMethod::call(Object(Illuminate\\Foundation\\Application), Array, Array, NULL)
#20 /app/vendor/laravel/framework/src/Illuminate/Console/Command.php(171): Illuminate\\Container\\Container->call(Array)
#21 /app/vendor/symfony/console/Command/Command.php(291): Illuminate\\Console\\Command->execute(Object(Symfony\\Component\\Console\\Input\\ArgvInput), Object(Illuminate\\Console\\OutputStyle))
#22 /app/vendor/laravel/framework/src/Illuminate/Console/Command.php(156): Symfony\\Component\\Console\\Command\\Command->run(Object(Symfony\\Component\\Console\\Input\\ArgvInput), Object(Illuminate\\Console\\OutputStyle))
#23 /app/vendor/symfony/console/Application.php(989): Illuminate\\Console\\Command->run(Object(Symfony\\Component\\Console\\Input\\ArgvInput), Object(Symfony\\Component\\Console\\Output\\ConsoleOutput))
#24 /app/vendor/symfony/console/Application.php(299): Symfony\\Component\\Console\\Application->doRunCommand(Object(Illuminate\\Queue\\Console\\WorkCommand), Object(Symfony\\Component\\Console\\Input\\ArgvInput), Object(Symfony\\Component\\Console\\Output\\ConsoleOutput))
#25 /app/vendor/symfony/console/Application.php(171): Symfony\\Component\\Console\\Application->doRun(Object(Symfony\\Component\\Console\\Input\\ArgvInput), Object(Symfony\\Component\\Console\\Output\\ConsoleOutput))
#26 /app/vendor/laravel/framework/src/Illuminate/Console/Application.php(102): Symfony\\Component\\Console\\Application->run(Object(Symfony\\Component\\Console\\Input\\ArgvInput), Object(Symfony\\Component\\Console\\Output\\ConsoleOutput))
#27 /app/vendor/laravel/framework/src/Illuminate/Foundation/Console/Kernel.php(129): Illuminate\\Console\\Application->run(Object(Symfony\\Component\\Console\\Input\\ArgvInput), Object(Symfony\\Component\\Console\\Output\\ConsoleOutput))
#28 /app/artisan(37): Illuminate\\Foundation\\Console\\Kernel->handle(Object(Symfony\\Component\\Console\\Input\\ArgvInput), Object(Symfony\\Component\\Console\\Output\\ConsoleOutput))
#29 {main}
"} 
[2022-04-16 13:31:58] development.ERROR: Error while reading line from the server. [tcp://redis:6379] {"exception":"[object] (Predis\\Connection\\ConnectionException(code: 0): Error while reading line from the server. [tcp://redis:6379] at /app/vendor/predis/predis/src/Connection/AbstractConnection.php:155)
[stacktrace]
#0 /app/vendor/predis/predis/src/Connection/StreamConnection.php(314): Predis\\Connection\\AbstractConnection->onConnectionError('Error while rea...')
#1 /app/vendor/predis/predis/src/Connection/AbstractConnection.php(120): Predis\\Connection\\StreamConnection->read()
#2 /app/vendor/predis/predis/src/Connection/AbstractConnection.php(112): Predis\\Connection\\AbstractConnection->readResponse(Object(Predis\\Command\\StringGet))
#3 /app/vendor/predis/predis/src/Client.php(331): Predis\\Connection\\AbstractConnection->executeCommand(Object(Predis\\Command\\StringGet))
#4 /app/vendor/predis/predis/src/Client.php(314): Predis\\Client->executeCommand(Object(Predis\\Command\\StringGet))
#5 /app/vendor/laravel/framework/src/Illuminate/Redis/Connections/Connection.php(116): Predis\\Client->__call('get', Array)
#6 /app/vendor/laravel/framework/src/Illuminate/Redis/Connections/Connection.php(216): Illuminate\\Redis\\Connections\\Connection->command('get', Array)
#7 /app/vendor/laravel/framework/src/Illuminate/Cache/RedisStore.php(62): Illuminate\\Redis\\Connections\\Connection->__call('get', Array)
#8 /app/vendor/laravel/framework/src/Illuminate/Cache/Repository.php(97): Illuminate\\Cache\\RedisStore->get('illuminate:queu...')
#9 /app/vendor/laravel/framework/src/Illuminate/Queue/Worker.php(665): Illuminate\\Cache\\Repository->get('illuminate:queu...')
#10 /app/vendor/laravel/framework/src/Illuminate/Queue/Worker.php(654): Illuminate\\Queue\\Worker->getTimestampOfLastQueueRestart()
#11 /app/vendor/laravel/framework/src/Illuminate/Queue/Worker.php(300): Illuminate\\Queue\\Worker->queueShouldRestart(NULL)
#12 /app/vendor/laravel/framework/src/Illuminate/Queue/Worker.php(189): Illuminate\\Queue\\Worker->stopIfNecessary(Object(Illuminate\\Queue\\WorkerOptions), NULL, 4907.670338543, 0, NULL)
#13 /app/vendor/laravel/framework/src/Illuminate/Queue/Console/WorkCommand.php(128): Illuminate\\Queue\\Worker->daemon('redis', 'default', Object(Illuminate\\Queue\\WorkerOptions))
#14 /app/vendor/laravel/framework/src/Illuminate/Queue/Console/WorkCommand.php(112): Illuminate\\Queue\\Console\\WorkCommand->runWorker('redis', 'default')
#15 /app/vendor/laravel/framework/src/Illuminate/Container/BoundMethod.php(36): Illuminate\\Queue\\Console\\WorkCommand->handle()
#16 /app/vendor/laravel/framework/src/Illuminate/Container/Util.php(41): Illuminate\\Container\\BoundMethod::Illuminate\\Container\\{closure}()
#17 /app/vendor/laravel/framework/src/Illuminate/Container/BoundMethod.php(93): Illuminate\\Container\\Util::unwrapIfClosure(Object(Closure))
#18 /app/vendor/laravel/framework/src/Illuminate/Container/BoundMethod.php(37): Illuminate\\Container\\BoundMethod::callBoundMethod(Object(Illuminate\\Foundation\\Application), Array, Object(Closure))
#19 /app/vendor/laravel/framework/src/Illuminate/Container/Container.php(653): Illuminate\\Container\\BoundMethod::call(Object(Illuminate\\Foundation\\Application), Array, Array, NULL)
#20 /app/vendor/laravel/framework/src/Illuminate/Console/Command.php(171): Illuminate\\Container\\Container->call(Array)
#21 /app/vendor/symfony/console/Command/Command.php(291): Illuminate\\Console\\Command->execute(Object(Symfony\\Component\\Console\\Input\\ArgvInput), Object(Illuminate\\Console\\OutputStyle))
#22 /app/vendor/laravel/framework/src/Illuminate/Console/Command.php(156): Symfony\\Component\\Console\\Command\\Command->run(Object(Symfony\\Component\\Console\\Input\\ArgvInput), Object(Illuminate\\Console\\OutputStyle))
#23 /app/vendor/symfony/console/Application.php(989): Illuminate\\Console\\Command->run(Object(Symfony\\Component\\Console\\Input\\ArgvInput), Object(Symfony\\Component\\Console\\Output\\ConsoleOutput))
#24 /app/vendor/symfony/console/Application.php(299): Symfony\\Component\\Console\\Application->doRunCommand(Object(Illuminate\\Queue\\Console\\WorkCommand), Object(Symfony\\Component\\Console\\Input\\ArgvInput), Object(Symfony\\Component\\Console\\Output\\ConsoleOutput))
#25 /app/vendor/symfony/console/Application.php(171): Symfony\\Component\\Console\\Application->doRun(Object(Symfony\\Component\\Console\\Input\\ArgvInput), Object(Symfony\\Component\\Console\\Output\\ConsoleOutput))
#26 /app/vendor/laravel/framework/src/Illuminate/Console/Application.php(102): Symfony\\Component\\Console\\Application->run(Object(Symfony\\Component\\Console\\Input\\ArgvInput), Object(Symfony\\Component\\Console\\Output\\ConsoleOutput))
#27 /app/vendor/laravel/framework/src/Illuminate/Foundation/Console/Kernel.php(129): Illuminate\\Console\\Application->run(Object(Symfony\\Component\\Console\\Input\\ArgvInput), Object(Symfony\\Component\\Console\\Output\\ConsoleOutput))
#28 /app/artisan(37): Illuminate\\Foundation\\Console\\Kernel->handle(Object(Symfony\\Component\\Console\\Input\\ArgvInput), Object(Symfony\\Component\\Console\\Output\\ConsoleOutput))
#29 {main}
"} 
[2022-04-16 13:44:43] development.ERROR: Error while reading line from the server. [tcp://redis:6379] {"exception":"[object] (Predis\\Connection\\ConnectionException(code: 0): Error while reading line from the server. [tcp://redis:6379] at /app/vendor/predis/predis/src/Connection/AbstractConnection.php:155)
[stacktrace]
#0 /app/vendor/predis/predis/src/Connection/StreamConnection.php(314): Predis\\Connection\\AbstractConnection->onConnectionError('Error while rea...')
#1 /app/vendor/predis/predis/src/Connection/AbstractConnection.php(120): Predis\\Connection\\StreamConnection->read()
#2 /app/vendor/predis/predis/src/Connection/AbstractConnection.php(112): Predis\\Connection\\AbstractConnection->readResponse(Object(Predis\\Command\\StringGet))
#3 /app/vendor/predis/predis/src/Client.php(331): Predis\\Connection\\AbstractConnection->executeCommand(Object(Predis\\Command\\StringGet))
#4 /app/vendor/predis/predis/src/Client.php(314): Predis\\Client->executeCommand(Object(Predis\\Command\\StringGet))
#5 /app/vendor/laravel/framework/src/Illuminate/Redis/Connections/Connection.php(116): Predis\\Client->__call('get', Array)
#6 /app/vendor/laravel/framework/src/Illuminate/Redis/Connections/Connection.php(216): Illuminate\\Redis\\Connections\\Connection->command('get', Array)
#7 /app/vendor/laravel/framework/src/Illuminate/Cache/RedisStore.php(62): Illuminate\\Redis\\Connections\\Connection->__call('get', Array)
#8 /app/vendor/laravel/framework/src/Illuminate/Cache/Repository.php(97): Illuminate\\Cache\\RedisStore->get('illuminate:queu...')
#9 /app/vendor/laravel/framework/src/Illuminate/Queue/Worker.php(665): Illuminate\\Cache\\Repository->get('illuminate:queu...')
#10 /app/vendor/laravel/framework/src/Illuminate/Queue/Worker.php(654): Illuminate\\Queue\\Worker->getTimestampOfLastQueueRestart()
#11 /app/vendor/laravel/framework/src/Illuminate/Queue/Worker.php(300): Illuminate\\Queue\\Worker->queueShouldRestart(NULL)
#12 /app/vendor/laravel/framework/src/Illuminate/Queue/Worker.php(189): Illuminate\\Queue\\Worker->stopIfNecessary(Object(Illuminate\\Queue\\WorkerOptions), NULL, 5236.941438443, 0, NULL)
#13 /app/vendor/laravel/framework/src/Illuminate/Queue/Console/WorkCommand.php(128): Illuminate\\Queue\\Worker->daemon('redis', 'default', Object(Illuminate\\Queue\\WorkerOptions))
#14 /app/vendor/laravel/framework/src/Illuminate/Queue/Console/WorkCommand.php(112): Illuminate\\Queue\\Console\\WorkCommand->runWorker('redis', 'default')
#15 /app/vendor/laravel/framework/src/Illuminate/Container/BoundMethod.php(36): Illuminate\\Queue\\Console\\WorkCommand->handle()
#16 /app/vendor/laravel/framework/src/Illuminate/Container/Util.php(41): Illuminate\\Container\\BoundMethod::Illuminate\\Container\\{closure}()
#17 /app/vendor/laravel/framework/src/Illuminate/Container/BoundMethod.php(93): Illuminate\\Container\\Util::unwrapIfClosure(Object(Closure))
#18 /app/vendor/laravel/framework/src/Illuminate/Container/BoundMethod.php(37): Illuminate\\Container\\BoundMethod::callBoundMethod(Object(Illuminate\\Foundation\\Application), Array, Object(Closure))
#19 /app/vendor/laravel/framework/src/Illuminate/Container/Container.php(653): Illuminate\\Container\\BoundMethod::call(Object(Illuminate\\Foundation\\Application), Array, Array, NULL)
#20 /app/vendor/laravel/framework/src/Illuminate/Console/Command.php(171): Illuminate\\Container\\Container->call(Array)
#21 /app/vendor/symfony/console/Command/Command.php(291): Illuminate\\Console\\Command->execute(Object(Symfony\\Component\\Console\\Input\\ArgvInput), Object(Illuminate\\Console\\OutputStyle))
#22 /app/vendor/laravel/framework/src/Illuminate/Console/Command.php(156): Symfony\\Component\\Console\\Command\\Command->run(Object(Symfony\\Component\\Console\\Input\\ArgvInput), Object(Illuminate\\Console\\OutputStyle))
#23 /app/vendor/symfony/console/Application.php(989): Illuminate\\Console\\Command->run(Object(Symfony\\Component\\Console\\Input\\ArgvInput), Object(Symfony\\Component\\Console\\Output\\ConsoleOutput))
#24 /app/vendor/symfony/console/Application.php(299): Symfony\\Component\\Console\\Application->doRunCommand(Object(Illuminate\\Queue\\Console\\WorkCommand), Object(Symfony\\Component\\Console\\Input\\ArgvInput), Object(Symfony\\Component\\Console\\Output\\ConsoleOutput))
#25 /app/vendor/symfony/console/Application.php(171): Symfony\\Component\\Console\\Application->doRun(Object(Symfony\\Component\\Console\\Input\\ArgvInput), Object(Symfony\\Component\\Console\\Output\\ConsoleOutput))
#26 /app/vendor/laravel/framework/src/Illuminate/Console/Application.php(102): Symfony\\Component\\Console\\Application->run(Object(Symfony\\Component\\Console\\Input\\ArgvInput), Object(Symfony\\Component\\Console\\Output\\ConsoleOutput))
#27 /app/vendor/laravel/framework/src/Illuminate/Foundation/Console/Kernel.php(129): Illuminate\\Console\\Application->run(Object(Symfony\\Component\\Console\\Input\\ArgvInput), Object(Symfony\\Component\\Console\\Output\\ConsoleOutput))
#28 /app/artisan(37): Illuminate\\Foundation\\Console\\Kernel->handle(Object(Symfony\\Component\\Console\\Input\\ArgvInput), Object(Symfony\\Component\\Console\\Output\\ConsoleOutput))
#29 {main}
"} 
